android/app/build/outputs/mapping/release/configuration.txt
# The proguard configuration file for the following section is release\processReleaseResources\aapt_rules.txt
-keep class androidx.core.app.CoreComponentFactory { <init>(); }
-keep class androidx.core.content.FileProvider { <init>(); }
-keep class androidx.credentials.playservices.CredentialProviderMetadataHolder { <init>(); }
-keep class androidx.credentials.playservices.HiddenActivity { <init>(); }
-keep class androidx.profileinstaller.ProfileInstallReceiver { <init>(); }
-keep class androidx.room.MultiInstanceInvalidationService { <init>(); }
-keep class androidx.startup.InitializationProvider { <init>(); }
-keep class androidx.work.impl.background.systemalarm.ConstraintProxy$BatteryChargingProxy { <init>(); }
-keep class androidx.work.impl.background.systemalarm.ConstraintProxy$BatteryNotLowProxy { <init>(); }
-keep class androidx.work.impl.background.systemalarm.ConstraintProxy$NetworkStateProxy { <init>(); }
-keep class androidx.work.impl.background.systemalarm.ConstraintProxy$StorageNotLowProxy { <init>(); }
-keep class androidx.work.impl.background.systemalarm.ConstraintProxyUpdateReceiver { <init>(); }
-keep class androidx.work.impl.background.systemalarm.RescheduleReceiver { <init>(); }
-keep class androidx.work.impl.background.systemalarm.SystemAlarmService { <init>(); }
-keep class androidx.work.impl.background.systemjob.SystemJobService { <init>(); }
-keep class androidx.work.impl.diagnostics.DiagnosticsReceiver { <init>(); }
-keep class androidx.work.impl.foreground.SystemForegroundService { <init>(); }
-keep class androidx.work.impl.utils.ForceStopRunnable$BroadcastReceiver { <init>(); }
-keep class com.capacitorjs.plugins.browser.BrowserControllerActivity { <init>(); }
-keep class com.google.android.datatransport.runtime.backends.TransportBackendDiscovery { <init>(); }
-keep class com.google.android.datatransport.runtime.scheduling.jobscheduling.AlarmManagerSchedulerBroadcastReceiver { <init>(); }
-keep class com.google.android.datatransport.runtime.scheduling.jobscheduling.JobInfoSchedulerService { <init>(); }
-keep class com.google.android.gms.ads.AdActivity { <init>(); }
-keep class com.google.android.gms.ads.AdService { <init>(); }
-keep class com.google.android.gms.ads.MobileAdsInitProvider { <init>(); }
-keep class com.google.android.gms.ads.NotificationHandlerActivity { <init>(); }
-keep class com.google.android.gms.ads.OutOfContextTestingActivity { <init>(); }
-keep class com.google.android.gms.auth.api.signin.RevocationBoundService { <init>(); }
-keep class com.google.android.gms.auth.api.signin.internal.SignInHubActivity { <init>(); }
-keep class com.google.android.gms.common.api.GoogleApiActivity { <init>(); }
-keep class com.google.android.gms.measurement.AppMeasurementJobService { <init>(); }
-keep class com.google.android.gms.measurement.AppMeasurementReceiver { <init>(); }
-keep class com.google.android.gms.measurement.AppMeasurementService { <init>(); }
-keep class com.google.android.play.core.common.PlayCoreDialogWrapperActivity { <init>(); }
-keep class com.google.firebase.auth.internal.GenericIdpActivity { <init>(); }
-keep class com.google.firebase.auth.internal.RecaptchaActivity { <init>(); }
-keep class com.google.firebase.components.ComponentDiscoveryService { <init>(); }
-keep class com.google.firebase.provider.FirebaseInitProvider { <init>(); }
-keep class com.sampidia.fakeproductdetector.MainActivity { <init>(); }
-keep class android.widget.Space { <init>(android.content.Context, android.util.AttributeSet); }

-keep class androidx.appcompat.app.AlertController$RecycleListView { <init>(android.content.Context, android.util.AttributeSet); }

-keep class androidx.appcompat.view.menu.ActionMenuItemView { <init>(android.content.Context, android.util.AttributeSet); }

-keep class androidx.appcompat.view.menu.ExpandedMenuView { <init>(android.content.Context, android.util.AttributeSet); }

-keep class androidx.appcompat.view.menu.ListMenuItemView { <init>(android.content.Context, android.util.AttributeSet); }

-keep class androidx.appcompat.widget.ActionBarContainer { <init>(android.content.Context, android.util.AttributeSet); }

-keep class androidx.appcompat.widget.ActionBarContextView { <init>(android.content.Context, android.util.AttributeSet); }

-keep class androidx.appcompat.widget.ActionBarOverlayLayout { <init>(android.content.Context, android.util.AttributeSet); }

-keep class androidx.appcompat.widget.ActionMenuView { <init>(android.content.Context, android.util.AttributeSet); }

-keep class androidx.appcompat.widget.ActivityChooserView$InnerLayout { <init>(android.content.Context, android.util.AttributeSet); }

-keep class androidx.appcompat.widget.AlertDialogLayout { <init>(android.content.Context, android.util.AttributeSet); }

-keep class androidx.appcompat.widget.ButtonBarLayout { <init>(android.content.Context, android.util.AttributeSet); }

-keep class androidx.appcompat.widget.ContentFrameLayout { <init>(android.content.Context, android.util.AttributeSet); }

-keep class androidx.appcompat.widget.DialogTitle { <init>(android.content.Context, android.util.AttributeSet); }

-keep class androidx.appcompat.widget.FitWindowsFrameLayout { <init>(android.content.Context, android.util.AttributeSet); }

-keep class androidx.appcompat.widget.FitWindowsLinearLayout { <init>(android.content.Context, android.util.AttributeSet); }

-keep class androidx.appcompat.widget.SearchView$SearchAutoComplete { <init>(android.content.Context, android.util.AttributeSet); }

-keep class androidx.appcompat.widget.Toolbar { <init>(android.content.Context, android.util.AttributeSet); }

-keep class androidx.appcompat.widget.ViewStubCompat { <init>(android.content.Context, android.util.AttributeSet); }

-keep class androidx.browser.browseractions.BrowserActionsFallbackMenuView { <init>(android.content.Context, android.util.AttributeSet); }

-keep class androidx.constraintlayout.helper.widget.Flow { <init>(android.content.Context, android.util.AttributeSet); }

-keep class androidx.constraintlayout.widget.ConstraintLayout { <init>(android.content.Context, android.util.AttributeSet); }

-keep class androidx.coordinatorlayout.widget.CoordinatorLayout { <init>(android.content.Context, android.util.AttributeSet); }

-keep class androidx.core.widget.NestedScrollView { <init>(android.content.Context, android.util.AttributeSet); }

-keep class androidx.fragment.app.FragmentContainerView { <init>(android.content.Context, android.util.AttributeSet); }

-keep class androidx.recyclerview.widget.RecyclerView { <init>(android.content.Context, android.util.AttributeSet); }

-keep class com.getcapacitor.CapacitorWebView { <init>(android.content.Context, android.util.AttributeSet); }

-keep class com.google.android.material.appbar.MaterialToolbar { <init>(android.content.Context, android.util.AttributeSet); }

-keep class com.google.android.material.button.MaterialButton { <init>(android.content.Context, android.util.AttributeSet); }

-keep class com.google.android.material.button.MaterialButtonToggleGroup { <init>(android.content.Context, android.util.AttributeSet); }

-keep class com.google.android.material.chip.Chip { <init>(android.content.Context, android.util.AttributeSet); }

-keep class com.google.android.material.datepicker.MaterialCalendarGridView { <init>(android.content.Context, android.util.AttributeSet); }

-keep class com.google.android.material.internal.BaselineLayout { <init>(android.content.Context, android.util.AttributeSet); }

-keep class com.google.android.material.internal.CheckableImageButton { <init>(android.content.Context, android.util.AttributeSet); }

-keep class com.google.android.material.internal.ClippableRoundedCornerLayout { <init>(android.content.Context, android.util.AttributeSet); }

-keep class com.google.android.material.internal.NavigationMenuItemView { <init>(android.content.Context, android.util.AttributeSet); }

-keep class com.google.android.material.internal.NavigationMenuView { <init>(android.content.Context, android.util.AttributeSet); }

-keep class com.google.android.material.internal.TouchObserverFrameLayout { <init>(android.content.Context, android.util.AttributeSet); }

-keep class com.google.android.material.snackbar.Snackbar$SnackbarLayout { <init>(android.content.Context, android.util.AttributeSet); }

-keep class com.google.android.material.snackbar.SnackbarContentLayout { <init>(android.content.Context, android.util.AttributeSet); }

-keep class com.google.android.material.textfield.TextInputEditText { <init>(android.content.Context, android.util.AttributeSet); }

-keep class com.google.android.material.textfield.TextInputLayout { <init>(android.content.Context, android.util.AttributeSet); }

-keep class com.google.android.material.timepicker.ChipTextInputComboView { <init>(android.content.Context, android.util.AttributeSet); }

-keep class com.google.android.material.timepicker.ClockFaceView { <init>(android.content.Context, android.util.AttributeSet); }

-keep class com.google.android.material.timepicker.ClockHandView { <init>(android.content.Context, android.util.AttributeSet); }

-keep class com.google.android.material.timepicker.TimePickerView { <init>(android.content.Context, android.util.AttributeSet); }


# End of content from release\processReleaseResources\aapt_rules.txt
# The proguard configuration file for the following section is default_proguard_files\global\proguard-android-optimize.txt-8.13.0
# This is a configuration file for ProGuard.
# http://proguard.sourceforge.net/index.html#manual/usage.html
#
# Starting with version 2.2 of the Android plugin for Gradle, this file is distributed together with
# the plugin and unpacked at build-time. The files in $ANDROID_HOME are no longer maintained and
# will be ignored by new version of the Android plugin for Gradle.

# Optimizations: If you don't want to optimize, use the proguard-android.txt configuration file
# instead of this one, which turns off the optimization flags.
-allowaccessmodification

# Preserve some attributes that may be required for reflection.
-keepattributes AnnotationDefault,
                EnclosingMethod,
                InnerClasses,
                RuntimeVisibleAnnotations,
                RuntimeVisibleParameterAnnotations,
                RuntimeVisibleTypeAnnotations,
                Signature

-keep public class com.google.vending.licensing.ILicensingService
-keep public class com.android.vending.licensing.ILicensingService
-keep public class com.google.android.vending.licensing.ILicensingService
-dontnote com.android.vending.licensing.ILicensingService
-dontnote com.google.vending.licensing.ILicensingService
-dontnote com.google.android.vending.licensing.ILicensingService

# For native methods, see https://www.guardsquare.com/manual/configuration/examples#native
-keepclasseswithmembernames,includedescriptorclasses class * {
    native <methods>;
}

# Keep setters in Views so that animations can still work.
-keepclassmembers public class * extends android.view.View {
    void set*(***);
    *** get*();
}

# We want to keep methods in Activity that could be used in the XML attribute onClick.
-keepclassmembers class * extends android.app.Activity {
    public void *(android.view.View);
}

# For enumeration classes, see https://www.guardsquare.com/manual/configuration/examples#enumerations
-keepclassmembers enum * {
    public static **[] values();
    public static ** valueOf(java.lang.String);
}

-keepclassmembers class * implements android.os.Parcelable {
    public static final ** CREATOR;
}

# Preserve annotated Javascript interface methods.
-keepclassmembers class * {
    @android.webkit.JavascriptInterface <methods>;
}

# The support libraries contains references to newer platform versions.
# Don't warn about those in case this app is linking against an older
# platform version. We know about them, and they are safe.
-dontnote android.support.**
-dontnote androidx.**
-dontwarn android.support.**
-dontwarn androidx.**

# Understand the @Keep support annotation.
-keep class android.support.annotation.Keep

-keep @android.support.annotation.Keep class * {*;}

-keepclasseswithmembers class * {
    @android.support.annotation.Keep <methods>;
}

-keepclasseswithmembers class * {
    @android.support.annotation.Keep <fields>;
}

-keepclasseswithmembers class * {
    @android.support.annotation.Keep <init>(...);
}

# These classes are duplicated between android.jar and org.apache.http.legacy.jar.
-dontnote org.apache.http.**
-dontnote android.net.http.**

# These classes are duplicated between android.jar and core-lambda-stubs.jar.
-dontnote java.lang.invoke.**

# End of content from default_proguard_files\global\proguard-android-optimize.txt-8.13.0
# The proguard configuration file for the following section is android\app\proguard-rules.pro
# Add project specific ProGuard rules here.
# You can control the set of applied configuration files using the
# proguardFiles setting in build.gradle.
#
# For more details, see
#   http://developer.android.com/guide/developing/tools/proguard.html

# ==============================================
# CAPACITOR CORE OBFUSCATION RULES
# ==============================================

# Keep Capacitor core classes
-keep class com.getcapacitor.** { *; }
-keep class org.apache.cordova.** { *; }

# Keep JavaScript interfaces
-keepclassmembers class * implements com.getcapacitor.Plugin {
    public *;
}

# Keep plugin classes and their methods
-keep class com.getcapacitor.plugin.** { *; }

# ==============================================
# CAPACITOR PLUGIN SPECIFIC RULES
# ==============================================

# Camera Plugin
-keep class com.getcapacitor.plugin.camera.** { *; }
-keep class androidx.camera.** { *; }
-keep class androidx.camera.core.** { *; }
-keep class androidx.camera.lifecycle.** { *; }

# File System Plugin
-keep class com.getcapacitor.plugin.filesystem.** { *; }
-keep class androidx.documentfile.** { *; }

# Splash Screen Plugin
-keep class com.getcapacitor.plugin.splashscreen.** { *; }

# Status Bar Plugin
-keep class com.getcapacitor.plugin.statusbar.** { *; }

# Browser Plugin
-keep class com.getcapacitor.plugin.browser.** { *; }

# AdMob Plugin
-keep class com.getcapacitor.plugin.admob.** { *; }
-keep class com.google.android.gms.ads.** { *; }

# Edge-to-Edge Support Plugin
-keep class com.getcapacitor.plugin.androidedgetoedgesupport.** { *; }

# ==============================================
# FIREBASE OBFUSCATION RULES
# ==============================================

# Keep Firebase classes
-keep class com.google.firebase.** { *; }
-keep class com.google.android.gms.** { *; }

# Keep Firebase Analytics
-keep class com.google.firebase.analytics.** { *; }

# Keep Firebase Auth
-keep class com.google.firebase.auth.** { *; }

# ==============================================
# FIREBASE CRASHLYTICS OBFUSCATION RULES
# ==============================================

# Keep Crashlytics classes
-keep class com.google.firebase.crashlytics.** { *; }
-keep class com.google.firebase.crash.** { *; }

# Keep Crashlytics mapping file generation
-keepattributes SourceFile,LineNumberTable

# Keep Crashlytics NDK integration
-keep class com.google.firebase.crashlytics.ndk.** { *; }

# Keep Crashlytics custom keys and logs
-keep class com.google.firebase.crashlytics.FirebaseCrashlytics {
    *;
}

# Keep Crashlytics data collection switch
-keep class com.google.firebase.crashlytics.CrashlyticsCore {
    *;
}

# ==============================================
# ANDROID CORE OBFUSCATION RULES
# ==============================================

# Keep Android system classes
-keep class androidx.** { *; }
-keep class android.** { *; }
-keep class com.android.** { *; }

# Keep ViewModels and LiveData
-keep class androidx.lifecycle.** { *; }

# Keep Data Binding
-keep class androidx.databinding.** { *; }

# Keep Room Database
-keep class androidx.room.** { *; }

# Keep WorkManager
-keep class androidx.work.** { *; }

# ==============================================
# WEBVIEW AND JAVASCRIPT INTERFACE RULES
# ==============================================

# Keep WebView classes
-keep class android.webkit.** { *; }

# Keep JavaScript interfaces for WebView
-keepclassmembers class * implements android.webkit.WebViewClient {
    public *;
}
-keepclassmembers class * implements android.webkit.WebChromeClient {
    public *;
}

# ==============================================
# GENERAL APPLICATION RULES
# ==============================================

# Keep application classes
-keep class com.sampidia.fakeproductdetector.** { *; }

# Keep Activities, Services, BroadcastReceivers, ContentProviders
-keep class * extends android.app.Activity
-keep class * extends android.app.Service
-keep class * extends android.content.BroadcastReceiver
-keep class * extends android.content.ContentProvider

# Keep View classes
-keep class * extends android.view.View {
    public <init>(android.content.Context);
    public <init>(android.content.Context, android.util.AttributeSet);
    public <init>(android.content.Context, android.util.AttributeSet, int);
    public void set*(...);
}

# Keep Parcelable classes
-keep class * implements android.os.Parcelable {
    public static final android.os.Parcelable$Creator *;
}

# Keep Serializable classes
-keep class * implements java.io.Serializable { *; }

# ==============================================
# NATIVE METHOD AND ENUM RULES
# ==============================================

# Keep native methods
-keepclasseswithmembernames class * {
    native <methods>;
}

# Keep enums
-keepclassmembers enum * {
    public static **[] values();
    public static ** valueOf(java.lang.String);
}

# ==============================================
# REFLECTION AND ANNOTATION RULES
# ==============================================

# Keep classes that are accessed via reflection
-keep class **.R$* { *; }
-keep class **.BuildConfig { *; }

# Keep annotations
-keepattributes *Annotation*
-keepattributes Signature
-keepattributes Exceptions
-keepattributes InnerClasses
-keepattributes Deprecated
-keepattributes SourceFile,LineNumberTable
-keepattributes EnclosingMethod

# ==============================================
# PERFORMANCE OPTIMIZATION RULES
# ==============================================

# Remove logging in release builds
-assumenosideeffects class android.util.Log {
    public static boolean isLoggable(java.lang.String, int);
    public static int v(java.lang.String, java.lang.String);
    public static int v(java.lang.String, java.lang.String, java.lang.Throwable);
    public static int d(java.lang.String, java.lang.String);
    public static int d(java.lang.String, java.lang.String, java.lang.Throwable);
    public static int i(java.lang.String, java.lang.String);
    public static int i(java.lang.String, java.lang.String, java.lang.Throwable);
    public static int w(java.lang.String, java.lang.String);
    public static int w(java.lang.String, java.lang.String, java.lang.Throwable);
    public static int e(java.lang.String, java.lang.String);
    public static int e(java.lang.String, java.lang.String, java.lang.Throwable);
}

# Remove System.out.println in release builds
-assumenosideeffects class java.lang.System {
    public static void print*(java.lang.String);
}

# ==============================================
# SECURITY ENHANCEMENT RULES
# ==============================================

# Keep security-related classes
-keep class javax.crypto.** { *; }
-keep class java.security.** { *; }

# Keep SSL/TLS classes
-keep class javax.net.ssl.** { *; }

# Keep key store classes
-keep class java.security.KeyStore { *; }
-keep class javax.net.ssl.TrustManagerFactory { *; }
-keep class javax.net.ssl.KeyManagerFactory { *; }

# ==============================================
# DEBUGGING SUPPORT (Comment out for production)
# ==============================================