android/app/build/outputs/mapping/release/seeds.txt
com.sampidia.fakeproductdetector.R
com.sampidia.fakeproductdetector.R$style
com.sampidia.fakeproductdetector.R$xml
com.sampidia.fakeproductdetector.R$drawable
com.sampidia.fakeproductdetector.R$layout
com.sampidia.fakeproductdetector.MainActivity
com.sampidia.fakeproductdetector.R$string
com.sampidia.fakeproductdetector.R$color
com.sampidia.fakeproductdetector.R$mipmap
com.sampidia.fakeproductdetector.R$drawable: int ic_launcher_background
com.sampidia.fakeproductdetector.R$style: int AppTheme_NoActionBarLaunch
com.sampidia.fakeproductdetector.R$string: int google_api_key
com.sampidia.fakeproductdetector.R$drawable: int splash
com.sampidia.fakeproductdetector.R$style: int AppTheme
com.sampidia.fakeproductdetector.R$layout: int activity_main
com.sampidia.fakeproductdetector.R$color: int splash_background
com.sampidia.fakeproductdetector.R$xml: int config
com.sampidia.fakeproductdetector.R$mipmap: int ic_launcher_foreground
com.sampidia.fakeproductdetector.R$string: int title_activity_main
com.sampidia.fakeproductdetector.R$string: int admob_app_id
com.sampidia.fakeproductdetector.R$string: int google_app_id
com.sampidia.fakeproductdetector.R$style: int EdgeToEdgeTheme
com.sampidia.fakeproductdetector.R$string: int server_client_id
com.sampidia.fakeproductdetector.R$string: int custom_url_scheme
com.sampidia.fakeproductdetector.R$string: int google_storage_bucket
com.sampidia.fakeproductdetector.R$style: int AppTheme_NoActionBar
com.sampidia.fakeproductdetector.R$string: int project_id
com.sampidia.fakeproductdetector.R$string: int package_name
com.sampidia.fakeproductdetector.R$mipmap: int ic_launcher
com.sampidia.fakeproductdetector.R$string: int google_crash_reporting_api_key
com.sampidia.fakeproductdetector.R$color: int ic_launcher_background
com.sampidia.fakeproductdetector.R$string: int gcm_defaultSenderId
com.sampidia.fakeproductdetector.R$drawable: int ic_launcher_foreground
com.sampidia.fakeproductdetector.R$string: int com_google_firebase_crashlytics_mapping_file_id
com.sampidia.fakeproductdetector.R$string: int default_web_client_id
com.sampidia.fakeproductdetector.R$xml: int file_paths
com.sampidia.fakeproductdetector.R$string: int app_name
com.sampidia.fakeproductdetector.R$mipmap: int ic_launcher_round
com.sampidia.fakeproductdetector.R$drawable: R$drawable()
com.sampidia.fakeproductdetector.R$string: R$string()
com.sampidia.fakeproductdetector.R$mipmap: R$mipmap()
com.sampidia.fakeproductdetector.R$style: R$style()
com.sampidia.fakeproductdetector.R$layout: R$layout()
com.sampidia.fakeproductdetector.R$xml: R$xml()
com.sampidia.fakeproductdetector.MainActivity: MainActivity()
com.sampidia.fakeproductdetector.R: R()
com.sampidia.fakeproductdetector.R$color: R$color()
...
androidx.cardview.widget.CardViewDelegate: android.graphics.drawable.Drawable getCardBackground()
androidx.appcompat.app.ActionBar: int getHideOffset()
kotlinx.coroutines.flow.FlowKt__TransformKt$mapNotNull$$inlined$unsafeTransform$1$2$1: FlowKt__TransformKt$mapNotNull$$inlined$unsafeTransform$1$2$1(kotlinx.coroutines.flow.FlowKt__TransformKt$mapNotNull$$inlined$unsafeTransform$1$2,kotlin.coroutines.Continuation)
androidx.emoji2.text.flatbuffer.ReadBuf: byte[] data()
com.google.android.gms.internal.measurement.zzaw: void zza(com.google.android.gms.internal.measurement.zzav)
com.google.android.material.textfield.TextInputLayout: void setPasswordVisibilityToggleContentDescription(java.lang.CharSequence)
androidx.credentials.provider.PendingIntentHandler$Companion$retrieveProviderGetCredentialRequest$1: androidx.credentials.CredentialOption invoke(android.credentials.CredentialOption)
com.google.android.gms.ads.internal.client.zzaw: com.google.android.gms.ads.internal.client.zzbu zze(android.content.Context,com.google.android.gms.ads.internal.client.zzq,java.lang.String,com.google.android.gms.internal.ads.zzbsv)
androidx.work.impl.model.SystemIdInfoDao_Impl: androidx.work.impl.model.SystemIdInfo getSystemIdInfo(java.lang.String)
com.google.firebase.crashlytics.internal.common.BuildIdInfo: java.lang.String getLibraryName()
com.google.android.gms.internal.ads.zzhcp: void zzk(java.lang.Object,int,com.google.android.gms.internal.ads.zzgyl)
com.google.android.gms.ads.internal.util.zzau: void zzk()
androidx.datastore.preferences.protobuf.UnmodifiableLazyStringList$1: java.lang.String previous()
com.google.android.gms.internal.ads.zzbsh: zzbsh(com.google.android.gms.internal.ads.zzbsj,java.lang.Object)
androidx.work.multiprocess.IWorkManagerImpl: void cancelWorkById(java.lang.String,androidx.work.multiprocess.IWorkManagerImplCallback)
com.google.android.gms.internal.ads.zzcvc: com.google.android.gms.internal.ads.zzcxp zzd()
androidx.core.os.ParcelCompat: ParcelCompat()
androidx.privacysandbox.ads.adservices.common.FrequencyCapFilters: android.adservices.common.FrequencyCapFilters convertToAdServices$ads_adservices_release()
androidx.emoji2.text.EmojiCompat: java.lang.CharSequence process(java.lang.CharSequence,int,int,int,int)
androidx.core.util.PairKt: kotlin.Pair toKotlinPair(androidx.core.util.Pair)
kotlin.SafePublicationLazyImpl: java.lang.Object writeReplace()
androidx.recyclerview.widget.GridLayoutManager: void cachePreLayoutSpanMapping()
com.google.android.gms.common.api.internal.zacp: com.google.android.gms.common.api.Result await(long,java.util.concurrent.TimeUnit)
androidx.core.view.autofill.AutofillIdCompat: androidx.core.view.autofill.AutofillIdCompat toAutofillIdCompat(android.view.autofill.AutofillId)
androidx.room.IMultiInstanceInvalidationCallback$Stub: androidx.room.IMultiInstanceInvalidationCallback asInterface(android.os.IBinder)
com.google.android.gms.internal.ads.zzbbn: zzbbn(java.io.InputStream,boolean,boolean,long,boolean)
com.google.firebase.crashlytics.internal.common.CrashlyticsReportDataCapture: com.google.firebase.crashlytics.internal.model.CrashlyticsReport$Session$Event$Application$Execution$Thread$Frame populateFrameData(java.lang.StackTraceElement,com.google.firebase.crashlytics.internal.model.CrashlyticsReport$Session$Event$Application$Execution$Thread$Frame$Builder)
androidx.credentials.playservices.controllers.CreatePassword.CredentialProviderCreatePasswordController: androidx.credentials.playservices.controllers.CreatePassword.CredentialProviderCreatePasswordController access$getController$cp()
com.google.android.gms.ads.internal.client.zzbu: void zzO(com.google.android.gms.internal.ads.zzbha)
androidx.recyclerview.widget.OrientationHelper$2: void offsetChild(android.view.View,int)
androidx.datastore.preferences.protobuf.DescriptorProtos$DescriptorProto: void addReservedName(java.lang.String)