android/app/build/outputs/mapping/release/usage.txt
com.google.common.collect.Tables$TransposeTable
com.google.common.collect.Tables:
    private void <init>()
    public static com.google.common.collect.Table newCustomTable(java.util.Map,com.google.common.base.Supplier)
    public static com.google.common.collect.Table synchronizedTable(com.google.common.collect.Table)
    public static com.google.common.collect.Table transformValues(com.google.common.collect.Table,com.google.common.base.Function)
    public static com.google.common.collect.Table transpose(com.google.common.collect.Table)
    public static com.google.common.collect.RowSortedTable unmodifiableRowSortedTable(com.google.common.collect.RowSortedTable)
    public static com.google.common.collect.Table unmodifiableTable(com.google.common.collect.Table)
com.google.common.collect.TopKSelector:
    public static com.google.common.collect.TopKSelector greatest(int)
    public static com.google.common.collect.TopKSelector greatest(int,java.util.Comparator)
    public static com.google.common.collect.TopKSelector least(int)
    public void offerAll(java.lang.Iterable)
com.google.common.collect.TreeRangeMap$1
com.google.common.collect.TreeRangeMap$AsMapOfRanges
com.google.common.collect.TreeRangeMap$RangeMapEntry
com.google.common.collect.TreeRangeMap$SubRangeMap$1$1
com.google.common.collect.TreeRangeMap$SubRangeMap$1
com.google.common.collect.TreeRangeMap$SubRangeMap$SubRangeMapAsMap$1
com.google.common.collect.TreeRangeMap$SubRangeMap$SubRangeMapAsMap$2
com.google.common.collect.TreeRangeMap$SubRangeMap$SubRangeMapAsMap$3
com.google.common.collect.TreeRangeMap$SubRangeMap$SubRangeMapAsMap$4
com.google.common.collect.TreeRangeMap$SubRangeMap$SubRangeMapAsMap
com.google.common.collect.TreeRangeMap$SubRangeMap
com.google.common.collect.TreeRangeMap
com.google.common.collect.TreeTraverser$1
com.google.common.collect.TreeTraverser$2
com.google.common.collect.TreeTraverser$3
com.google.common.collect.TreeTraverser$4
com.google.common.collect.TreeTraverser$BreadthFirstIterator
com.google.common.collect.TreeTraverser$PostOrderIterator
com.google.common.collect.TreeTraverser$PostOrderNode
com.google.common.collect.TreeTraverser$PreOrderIterator
com.google.common.collect.TreeTraverser
com.google.common.collect.package-info
com.google.common.escape.ArrayBasedCharEscaper
com.google.common.escape.ArrayBasedEscaperMap
com.google.common.escape.ArrayBasedUnicodeEscaper
com.google.common.escape.CharEscaper
com.google.common.escape.CharEscaperBuilder$CharArrayDecorator
com.google.common.escape.CharEscaperBuilder
com.google.common.escape.ElementTypesAreNonnullByDefault
com.google.common.escape.Escaper
com.google.common.escape.Escapers$1
com.google.common.escape.Escapers$2
com.google.common.escape.Escapers$Builder$1
com.google.common.escape.Escapers$Builder
com.google.common.escape.Escapers
com.google.common.escape.ParametricNullness
com.google.common.escape.Platform$1
com.google.common.escape.Platform
com.google.common.escape.UnicodeEscaper
com.google.common.escape.package-info
com.google.common.eventbus.AllowConcurrentEvents
com.google.common.eventbus.AsyncEventBus
com.google.common.eventbus.DeadEvent
com.google.common.eventbus.Dispatcher$1
com.google.common.eventbus.Dispatcher$ImmediateDispatcher
com.google.common.eventbus.Dispatcher$LegacyAsyncDispatcher$EventWithSubscriber
com.google.common.eventbus.Dispatcher$LegacyAsyncDispatcher
com.google.common.eventbus.Dispatcher$PerThreadQueuedDispatcher$1
com.google.common.eventbus.Dispatcher$PerThreadQueuedDispatcher$2
com.google.common.eventbus.Dispatcher$PerThreadQueuedDispatcher$Event
com.google.common.eventbus.Dispatcher$PerThreadQueuedDispatcher
com.google.common.eventbus.Dispatcher
com.google.common.eventbus.ElementTypesAreNonnullByDefault
com.google.common.eventbus.EventBus$LoggingHandler
com.google.common.eventbus.EventBus
com.google.common.eventbus.ParametricNullness
com.google.common.eventbus.Subscribe